<?xml version="1.0" encoding="UTF-8"?>
<coverage generated="1437846448">
  <project timestamp="1437846448">
    <package name="NarodmonApi">
      <file name="/www/smarty/vendor/kuzmich/narodmon-ru-api/src/Client.php">
        <class name="Client" namespace="NarodmonApi" fullPackage="NarodmonApi" package="NarodmonApi">
          <metrics methods="17" coveredmethods="16" conditionals="0" coveredconditionals="0" statements="99" coveredstatements="66" elements="116" coveredelements="82"/>
        </class>
        <line num="49" type="method" name="__construct" crap="1" count="1"/>
        <line num="51" type="stmt" count="1"/>
        <line num="52" type="stmt" count="1"/>
        <line num="53" type="stmt" count="1"/>
        <line num="55" type="stmt" count="1"/>
        <line num="56" type="stmt" count="1"/>
        <line num="72" type="method" name="request" crap="110" count="0"/>
        <line num="75" type="stmt" count="0"/>
        <line num="76" type="stmt" count="0"/>
        <line num="77" type="stmt" count="0"/>
        <line num="78" type="stmt" count="0"/>
        <line num="79" type="stmt" count="0"/>
        <line num="81" type="stmt" count="0"/>
        <line num="82" type="stmt" count="0"/>
        <line num="84" type="stmt" count="0"/>
        <line num="86" type="stmt" count="0"/>
        <line num="88" type="stmt" count="0"/>
        <line num="90" type="stmt" count="0"/>
        <line num="92" type="stmt" count="0"/>
        <line num="93" type="stmt" count="0"/>
        <line num="94" type="stmt" count="0"/>
        <line num="95" type="stmt" count="0"/>
        <line num="96" type="stmt" count="0"/>
        <line num="97" type="stmt" count="0"/>
        <line num="98" type="stmt" count="0"/>
        <line num="99" type="stmt" count="0"/>
        <line num="100" type="stmt" count="0"/>
        <line num="101" type="stmt" count="0"/>
        <line num="102" type="stmt" count="0"/>
        <line num="103" type="stmt" count="0"/>
        <line num="104" type="stmt" count="0"/>
        <line num="105" type="stmt" count="0"/>
        <line num="106" type="stmt" count="0"/>
        <line num="107" type="stmt" count="0"/>
        <line num="108" type="stmt" count="0"/>
        <line num="109" type="stmt" count="0"/>
        <line num="110" type="stmt" count="0"/>
        <line num="111" type="stmt" count="0"/>
        <line num="112" type="stmt" count="0"/>
        <line num="114" type="stmt" count="0"/>
        <line num="131" type="method" name="sensorInit" crap="1" count="1"/>
        <line num="134" type="stmt" count="1"/>
        <line num="135" type="stmt" count="1"/>
        <line num="136" type="stmt" count="1"/>
        <line num="138" type="stmt" count="1"/>
        <line num="155" type="method" name="getLocation" crap="1" count="1"/>
        <line num="157" type="stmt" count="1"/>
        <line num="176" type="method" name="setLocation" crap="1" count="1"/>
        <line num="179" type="stmt" count="1"/>
        <line num="181" type="stmt" count="1"/>
        <line num="183" type="stmt" count="1"/>
        <line num="201" type="method" name="mySensors" crap="1" count="1"/>
        <line num="204" type="stmt" count="1"/>
        <line num="205" type="stmt" count="1"/>
        <line num="207" type="stmt" count="1"/>
        <line num="209" type="stmt" count="1"/>
        <line num="231" type="method" name="publicSensors" crap="3" count="1"/>
        <line num="234" type="stmt" count="1"/>
        <line num="235" type="stmt" count="1"/>
        <line num="237" type="stmt" count="1"/>
        <line num="239" type="stmt" count="1"/>
        <line num="240" type="stmt" count="1"/>
        <line num="241" type="stmt" count="1"/>
        <line num="242" type="stmt" count="1"/>
        <line num="244" type="stmt" count="1"/>
        <line num="268" type="method" name="sensorNear" crap="3" count="1"/>
        <line num="271" type="stmt" count="1"/>
        <line num="272" type="stmt" count="1"/>
        <line num="273" type="stmt" count="1"/>
        <line num="275" type="stmt" count="1"/>
        <line num="277" type="stmt" count="1"/>
        <line num="278" type="stmt" count="1"/>
        <line num="279" type="stmt" count="1"/>
        <line num="280" type="stmt" count="1"/>
        <line num="281" type="stmt" count="1"/>
        <line num="300" type="method" name="sensorDev" crap="1" count="1"/>
        <line num="303" type="stmt" count="1"/>
        <line num="304" type="stmt" count="1"/>
        <line num="306" type="stmt" count="1"/>
        <line num="325" type="method" name="sensorFav" crap="2" count="2"/>
        <line num="327" type="stmt" count="2"/>
        <line num="329" type="stmt" count="2"/>
        <line num="330" type="stmt" count="1"/>
        <line num="331" type="stmt" count="1"/>
        <line num="333" type="stmt" count="2"/>
        <line num="352" type="method" name="sensorInfo" crap="1" count="1"/>
        <line num="355" type="stmt" count="1"/>
        <line num="356" type="stmt" count="1"/>
        <line num="358" type="stmt" count="1"/>
        <line num="377" type="method" name="sensorLog" crap="1" count="1"/>
        <line num="380" type="stmt" count="1"/>
        <line num="381" type="stmt" count="1"/>
        <line num="383" type="stmt" count="1"/>
        <line num="404" type="method" name="cameraNear" crap="3" count="2"/>
        <line num="407" type="stmt" count="2"/>
        <line num="408" type="stmt" count="2"/>
        <line num="410" type="stmt" count="2"/>
        <line num="411" type="stmt" count="1"/>
        <line num="412" type="stmt" count="1"/>
        <line num="413" type="stmt" count="1"/>
        <line num="415" type="stmt" count="2"/>
        <line num="434" type="method" name="cameraShots" crap="1" count="1"/>
        <line num="437" type="stmt" count="1"/>
        <line num="438" type="stmt" count="1"/>
        <line num="440" type="stmt" count="1"/>
        <line num="460" type="method" name="login" crap="1" count="1"/>
        <line num="463" type="stmt" count="1"/>
        <line num="464" type="stmt" count="1"/>
        <line num="465" type="stmt" count="1"/>
        <line num="467" type="stmt" count="1"/>
        <line num="485" type="method" name="logout" crap="1" count="1"/>
        <line num="487" type="stmt" count="1"/>
        <line num="506" type="method" name="objectWhere" crap="1" count="1"/>
        <line num="509" type="stmt" count="1"/>
        <line num="510" type="stmt" count="1"/>
        <line num="512" type="stmt" count="1"/>
        <metrics loc="514" ncloc="231" classes="1" methods="17" coveredmethods="16" conditionals="0" coveredconditionals="0" statements="99" coveredstatements="66" elements="116" coveredelements="82"/>
      </file>
    </package>
    <package name="NarodmonApi\Exceptions">
      <file name="/www/smarty/vendor/kuzmich/narodmon-ru-api/src/Exceptions/AccessDeniedException.php">
        <class name="AccessDeniedException" namespace="NarodmonApi\Exceptions">
          <metrics methods="0" coveredmethods="0" conditionals="0" coveredconditionals="0" statements="0" coveredstatements="0" elements="0" coveredelements="0"/>
        </class>
        <metrics loc="8" ncloc="8" classes="1" methods="0" coveredmethods="0" conditionals="0" coveredconditionals="0" statements="0" coveredstatements="0" elements="0" coveredelements="0"/>
      </file>
      <file name="/www/smarty/vendor/kuzmich/narodmon-ru-api/src/Exceptions/AuthorizationRequiredException.php">
        <class name="AuthorizationRequiredException" namespace="NarodmonApi\Exceptions">
          <metrics methods="0" coveredmethods="0" conditionals="0" coveredconditionals="0" statements="0" coveredstatements="0" elements="0" coveredelements="0"/>
        </class>
        <metrics loc="8" ncloc="8" classes="1" methods="0" coveredmethods="0" conditionals="0" coveredconditionals="0" statements="0" coveredstatements="0" elements="0" coveredelements="0"/>
      </file>
      <file name="/www/smarty/vendor/kuzmich/narodmon-ru-api/src/Exceptions/BlockedException.php">
        <class name="BlockedException" namespace="NarodmonApi\Exceptions">
          <metrics methods="0" coveredmethods="0" conditionals="0" coveredconditionals="0" statements="0" coveredstatements="0" elements="0" coveredelements="0"/>
        </class>
        <metrics loc="8" ncloc="8" classes="1" methods="0" coveredmethods="0" conditionals="0" coveredconditionals="0" statements="0" coveredstatements="0" elements="0" coveredelements="0"/>
      </file>
      <file name="/www/smarty/vendor/kuzmich/narodmon-ru-api/src/Exceptions/NotFoundException.php">
        <class name="NotFoundException" namespace="NarodmonApi\Exceptions">
          <metrics methods="0" coveredmethods="0" conditionals="0" coveredconditionals="0" statements="0" coveredstatements="0" elements="0" coveredelements="0"/>
        </class>
        <metrics loc="8" ncloc="8" classes="1" methods="0" coveredmethods="0" conditionals="0" coveredconditionals="0" statements="0" coveredstatements="0" elements="0" coveredelements="0"/>
      </file>
      <file name="/www/smarty/vendor/kuzmich/narodmon-ru-api/src/Exceptions/ObjectDisabledException.php">
        <class name="ObjectDisabledException" namespace="NarodmonApi\Exceptions">
          <metrics methods="0" coveredmethods="0" conditionals="0" coveredconditionals="0" statements="0" coveredstatements="0" elements="0" coveredelements="0"/>
        </class>
        <metrics loc="8" ncloc="8" classes="1" methods="0" coveredmethods="0" conditionals="0" coveredconditionals="0" statements="0" coveredstatements="0" elements="0" coveredelements="0"/>
      </file>
      <file name="/www/smarty/vendor/kuzmich/narodmon-ru-api/src/Exceptions/ServerIsNotAvailableException.php">
        <class name="ServerIsNotAvailableException" namespace="NarodmonApi\Exceptions">
          <metrics methods="0" coveredmethods="0" conditionals="0" coveredconditionals="0" statements="0" coveredstatements="0" elements="0" coveredelements="0"/>
        </class>
        <metrics loc="8" ncloc="8" classes="1" methods="0" coveredmethods="0" conditionals="0" coveredconditionals="0" statements="0" coveredstatements="0" elements="0" coveredelements="0"/>
      </file>
      <file name="/www/smarty/vendor/kuzmich/narodmon-ru-api/src/Exceptions/SyntaxErrorException.php">
        <class name="SyntaxErrorException" namespace="NarodmonApi\Exceptions">
          <metrics methods="0" coveredmethods="0" conditionals="0" coveredconditionals="0" statements="0" coveredstatements="0" elements="0" coveredelements="0"/>
        </class>
        <metrics loc="8" ncloc="8" classes="1" methods="0" coveredmethods="0" conditionals="0" coveredconditionals="0" statements="0" coveredstatements="0" elements="0" coveredelements="0"/>
      </file>
      <file name="/www/smarty/vendor/kuzmich/narodmon-ru-api/src/Exceptions/TooManyRequestsException.php">
        <class name="TooManyRequestsException" namespace="NarodmonApi\Exceptions">
          <metrics methods="0" coveredmethods="0" conditionals="0" coveredconditionals="0" statements="0" coveredstatements="0" elements="0" coveredelements="0"/>
        </class>
        <metrics loc="8" ncloc="8" classes="1" methods="0" coveredmethods="0" conditionals="0" coveredconditionals="0" statements="0" coveredstatements="0" elements="0" coveredelements="0"/>
      </file>
    </package>
    <metrics files="9" loc="578" ncloc="295" classes="9" methods="17" coveredmethods="16" conditionals="0" coveredconditionals="0" statements="99" coveredstatements="66" elements="116" coveredelements="82"/>
  </project>
</coverage>
